<?xml version="1.0" encoding="UTF-8"?>
<testsuite name="com.cat.ddsw.oozietest.DealerInventoryOozieTest" tests="2" skipped="0" failures="0" errors="0" timestamp="2015-09-18T05:14:25" hostname="Himanshu.local" time="0.011">
  <properties/>
  <testcase name="testDealerInventoryCoreTableCount" classname="com.cat.ddsw.oozietest.DealerInventoryOozieTest" time="0.01"/>
  <testcase name="testDealerInventoryCoreTableContent" classname="com.cat.ddsw.oozietest.DealerInventoryOozieTest" time="0.0"/>
  <system-out><![CDATA[DealerInventoryOozieTest@BeforeClass...
DealerInventoryOozieTest@testDealerInventoryCoreTableCount...
DealerInventoryOozieTest@testDealerInventoryCoreTableContent...
DealerInventoryOozieTest@AfterClass...
]]></system-out>
  <system-err><![CDATA[]]></system-err>
</testsuite>
